<?xml version="1.0" encoding="UTF-8"?>
<!-- Generated by org.testng.reporters.JUnitReportReporter -->
<testsuite skipped="0" hostname="RAHULSPC" name="com.rsk.CustomHTMLReport.Test.MercuryToursTravels" tests="1" failures="0" timestamp="13 Aug 2018 09:56:17 GMT" time="2.656" errors="0">
  <testcase name="mercuryToursLoginPage" time="2.656" classname="com.rsk.CustomHTMLReport.Test.MercuryToursTravels"/>
</testsuite> <!-- com.rsk.CustomHTMLReport.Test.MercuryToursTravels -->
