<?xml version="1.0" encoding="UTF-8"?>
<!-- Generated by org.testng.reporters.JUnitReportReporter -->
<testsuite skipped="0" hostname="RAHULSPC" name="com.rsk.CustomHTMLReport.Test.e2ETest" tests="1" failures="0" timestamp="13 Aug 2018 10:27:37 GMT" time="4.703" errors="0">
  <testcase name="MercuryToursLogin" time="4.703" classname="com.rsk.CustomHTMLReport.Test.e2ETest"/>
</testsuite> <!-- com.rsk.CustomHTMLReport.Test.e2ETest -->
